<?xml version="1.0" encoding="UTF-8"?>
<testng-results skipped="0" failed="0" total="1" passed="1">
  <reporter-output>
  </reporter-output>
  <suite name="Default suite" duration-ms="75790" started-at="2021-10-24T15:28:04Z" finished-at="2021-10-24T15:29:20Z">
    <groups>
    </groups>
    <test name="Default test" duration-ms="75790" started-at="2021-10-24T15:28:04Z" finished-at="2021-10-24T15:29:20Z">
      <class name="textalytics.tsexecution.Textalytics">
        <test-method status="PASS" signature="textalytics()[pri:0, instance:textalytics.tsexecution.Textalytics@1ae369b7]" name="textalytics" duration-ms="75673" started-at="2021-10-24T20:58:04Z" finished-at="2021-10-24T20:59:20Z">
          <reporter-output>
          </reporter-output>
        </test-method> <!-- textalytics -->
      </class> <!-- textalytics.tsexecution.Textalytics -->
    </test> <!-- Default test -->
  </suite> <!-- Default suite -->
</testng-results>
